EDA Netlist Writer report for bcd_counter
Fri May 21 18:10:57 2021
Quartus Prime Version 16.1.0 Build 196 10/24/2016 SJ Lite Edition


---------------------
; Table of Contents ;
---------------------
  1. Legal Notice
  2. EDA Netlist Writer Summary
  3. Simulation Settings
  4. Simulation Generated Files
  5. EDA Netlist Writer Messages



----------------
; Legal Notice ;
----------------
Copyright (C) 2016  Intel Corporation. All rights reserved.
Your use of Intel Corporation's design tools, logic functions 
and other software and tools, and its AMPP partner logic 
functions, and any output files from any of the foregoing 
(including device programming or simulation files), and any 
associated documentation or information are expressly subject 
to the terms and conditions of the Intel Program License 
Subscription Agreement, the Intel Quartus Prime License Agreement,
the Intel MegaCore Function License Agreement, or other 
applicable license agreement, including, without limitation, 
that your use is for the sole purpose of programming logic 
devices manufactured by Intel and sold by Intel or its 
authorized distributors.  Please refer to the applicable 
agreement for further details.



+-------------------------------------------------------------------+
; EDA Netlist Writer Summary                                        ;
+---------------------------+---------------------------------------+
; EDA Netlist Writer Status ; Successful - Fri May 21 18:10:57 2021 ;
; Revision Name             ; bcd_counter                           ;
; Top-level Entity Name     ; bcd_counter                           ;
; Family                    ; Arria II GX                           ;
; Simulation Files Creation ; Successful                            ;
+---------------------------+---------------------------------------+


+-------------------------------------------------------------------------------------------------------------------------------+
; Simulation Settings                                                                                                           ;
+---------------------------------------------------------------------------------------------------+---------------------------+
; Option                                                                                            ; Setting                   ;
+---------------------------------------------------------------------------------------------------+---------------------------+
; Tool Name                                                                                         ; ModelSim-Altera (Verilog) ;
; Generate functional simulation netlist                                                            ; Off                       ;
; Time scale                                                                                        ; 100 us                    ;
; Truncate long hierarchy paths                                                                     ; Off                       ;
; Map illegal HDL characters                                                                        ; Off                       ;
; Flatten buses into individual nodes                                                               ; Off                       ;
; Maintain hierarchy                                                                                ; Off                       ;
; Bring out device-wide set/reset signals as ports                                                  ; Off                       ;
; Enable glitch filtering                                                                           ; Off                       ;
; Do not write top level VHDL entity                                                                ; Off                       ;
; Disable detection of setup and hold time violations in the input registers of bi-directional pins ; Off                       ;
; Architecture name in VHDL output netlist                                                          ; structure                 ;
; Generate third-party EDA tool command script for RTL functional simulation                        ; Off                       ;
; Generate third-party EDA tool command script for gate-level simulation                            ; Off                       ;
+---------------------------------------------------------------------------------------------------+---------------------------+


+-------------------------------------------------------------------------------------------------------+
; Simulation Generated Files                                                                            ;
+-------------------------------------------------------------------------------------------------------+
; Generated Files                                                                                       ;
+-------------------------------------------------------------------------------------------------------+
; C:/intelFPGA_lite/16.1/projects/bcd_counter/simulation/modelsim/bcd_counter_3_900mv_100c_slow.vo      ;
; C:/intelFPGA_lite/16.1/projects/bcd_counter/simulation/modelsim/bcd_counter_3_900mv_-40c_slow.vo      ;
; C:/intelFPGA_lite/16.1/projects/bcd_counter/simulation/modelsim/bcd_counter_min_900mv_-40c_fast.vo    ;
; C:/intelFPGA_lite/16.1/projects/bcd_counter/simulation/modelsim/bcd_counter.vo                        ;
; C:/intelFPGA_lite/16.1/projects/bcd_counter/simulation/modelsim/bcd_counter_3_900mv_100c_v_slow.sdo   ;
; C:/intelFPGA_lite/16.1/projects/bcd_counter/simulation/modelsim/bcd_counter_3_900mv_-40c_v_slow.sdo   ;
; C:/intelFPGA_lite/16.1/projects/bcd_counter/simulation/modelsim/bcd_counter_min_900mv_-40c_v_fast.sdo ;
; C:/intelFPGA_lite/16.1/projects/bcd_counter/simulation/modelsim/bcd_counter_v.sdo                     ;
+-------------------------------------------------------------------------------------------------------+


+-----------------------------+
; EDA Netlist Writer Messages ;
+-----------------------------+
Info: *******************************************************************
Info: Running Quartus Prime EDA Netlist Writer
    Info: Version 16.1.0 Build 196 10/24/2016 SJ Lite Edition
    Info: Processing started: Fri May 21 18:10:56 2021
Info: Command: quartus_eda --read_settings_files=off --write_settings_files=off bcd_counter -c bcd_counter
Warning (18236): Number of processors has not been specified which may cause overloading on shared machines.  Set the global assignment NUM_PARALLEL_PROCESSORS in your QSF to an appropriate value for best performance.
Warning (202000): An incorrect timescale is selected for the Verilog Output (.VO) file of this PLL design. It's required that the timescale should be 1 ps when simulating a PLL design in a third party EDA tool.
Info (204019): Generated file bcd_counter_3_900mv_100c_slow.vo in folder "C:/intelFPGA_lite/16.1/projects/bcd_counter/simulation/modelsim/" for EDA simulation tool
Warning (202000): An incorrect timescale is selected for the Verilog Output (.VO) file of this PLL design. It's required that the timescale should be 1 ps when simulating a PLL design in a third party EDA tool.
Info (204019): Generated file bcd_counter_3_900mv_-40c_slow.vo in folder "C:/intelFPGA_lite/16.1/projects/bcd_counter/simulation/modelsim/" for EDA simulation tool
Warning (202000): An incorrect timescale is selected for the Verilog Output (.VO) file of this PLL design. It's required that the timescale should be 1 ps when simulating a PLL design in a third party EDA tool.
Info (204019): Generated file bcd_counter_min_900mv_-40c_fast.vo in folder "C:/intelFPGA_lite/16.1/projects/bcd_counter/simulation/modelsim/" for EDA simulation tool
Warning (202000): An incorrect timescale is selected for the Verilog Output (.VO) file of this PLL design. It's required that the timescale should be 1 ps when simulating a PLL design in a third party EDA tool.
Info (204019): Generated file bcd_counter.vo in folder "C:/intelFPGA_lite/16.1/projects/bcd_counter/simulation/modelsim/" for EDA simulation tool
Info (204019): Generated file bcd_counter_3_900mv_100c_v_slow.sdo in folder "C:/intelFPGA_lite/16.1/projects/bcd_counter/simulation/modelsim/" for EDA simulation tool
Info (204019): Generated file bcd_counter_3_900mv_-40c_v_slow.sdo in folder "C:/intelFPGA_lite/16.1/projects/bcd_counter/simulation/modelsim/" for EDA simulation tool
Info (204019): Generated file bcd_counter_min_900mv_-40c_v_fast.sdo in folder "C:/intelFPGA_lite/16.1/projects/bcd_counter/simulation/modelsim/" for EDA simulation tool
Info (204019): Generated file bcd_counter_v.sdo in folder "C:/intelFPGA_lite/16.1/projects/bcd_counter/simulation/modelsim/" for EDA simulation tool
Info: Quartus Prime EDA Netlist Writer was successful. 0 errors, 5 warnings
    Info: Peak virtual memory: 4724 megabytes
    Info: Processing ended: Fri May 21 18:10:57 2021
    Info: Elapsed time: 00:00:01
    Info: Total CPU time (on all processors): 00:00:01


